0 info it worked if it ends with ok
1 verbose cli [ '/usr/bin/node', '/usr/bin/npm', 'start' ]
2 info using npm@3.10.10
3 info using node@v6.12.3
4 verbose run-script [ 'prestart', 'start', 'poststart' ]
5 info lifecycle leaflet-tutorial@0.0.1~prestart: leaflet-tutorial@0.0.1
6 silly lifecycle leaflet-tutorial@0.0.1~prestart: no script for prestart, continuing
7 info lifecycle leaflet-tutorial@0.0.1~start: leaflet-tutorial@0.0.1
8 verbose lifecycle leaflet-tutorial@0.0.1~start: unsafe-perm in lifecycle true
9 verbose lifecycle leaflet-tutorial@0.0.1~start: PATH: /usr/lib/node_modules/npm/bin/node-gyp-bin:/home/rkopeinig/workspace/leaflet-nodejs-tutorials/013-Leaflet-Split-View/node_modules/.bin:/srv/spark/bin:/home/rkopeinig/bin:/home/rkopeinig/.local/bin:/usr/local/sbin:/usr/local/bin:/usr/sbin:/usr/bin:/sbin:/bin:/usr/games:/usr/local/games:/snap/bin
10 verbose lifecycle leaflet-tutorial@0.0.1~start: CWD: /home/rkopeinig/workspace/leaflet-nodejs-tutorials/013-Leaflet-Split-View
11 silly lifecycle leaflet-tutorial@0.0.1~start: Args: [ '-c', 'beefy app.js:bundle.js --live' ]
12 silly lifecycle leaflet-tutorial@0.0.1~start: Returned: code: 1  signal: null
13 info lifecycle leaflet-tutorial@0.0.1~start: Failed to exec start script
14 verbose stack Error: leaflet-tutorial@0.0.1 start: `beefy app.js:bundle.js --live`
14 verbose stack Exit status 1
14 verbose stack     at EventEmitter.<anonymous> (/usr/lib/node_modules/npm/lib/utils/lifecycle.js:255:16)
14 verbose stack     at emitTwo (events.js:106:13)
14 verbose stack     at EventEmitter.emit (events.js:191:7)
14 verbose stack     at ChildProcess.<anonymous> (/usr/lib/node_modules/npm/lib/utils/spawn.js:40:14)
14 verbose stack     at emitTwo (events.js:106:13)
14 verbose stack     at ChildProcess.emit (events.js:191:7)
14 verbose stack     at maybeClose (internal/child_process.js:920:16)
14 verbose stack     at Process.ChildProcess._handle.onexit (internal/child_process.js:230:5)
15 verbose pkgid leaflet-tutorial@0.0.1
16 verbose cwd /home/rkopeinig/workspace/leaflet-nodejs-tutorials/013-Leaflet-Split-View
17 error Linux 4.13.0-36-generic
18 error argv "/usr/bin/node" "/usr/bin/npm" "start"
19 error node v6.12.3
20 error npm  v3.10.10
21 error code ELIFECYCLE
22 error leaflet-tutorial@0.0.1 start: `beefy app.js:bundle.js --live`
22 error Exit status 1
23 error Failed at the leaflet-tutorial@0.0.1 start script 'beefy app.js:bundle.js --live'.
23 error Make sure you have the latest version of node.js and npm installed.
23 error If you do, this is most likely a problem with the leaflet-tutorial package,
23 error not with npm itself.
23 error Tell the author that this fails on your system:
23 error     beefy app.js:bundle.js --live
23 error You can get information on how to open an issue for this project with:
23 error     npm bugs leaflet-tutorial
23 error Or if that isn't available, you can get their info via:
23 error     npm owner ls leaflet-tutorial
23 error There is likely additional logging output above.
24 verbose exit [ 1, true ]
